{"/Users/bryanenid/Documents/Coding/StartUps/Observe/mobile/src/controllers/DummyDataController.js": {"path":"/Users/bryanenid/Documents/Coding/StartUps/Observe/mobile/src/controllers/DummyDataController.js","statementMap":{"0":{"start":{"line":5,"column":4},"end":{"line":5,"column":46}},"1":{"start":{"line":6,"column":4},"end":{"line":6,"column":50}},"2":{"start":{"line":10,"column":4},"end":{"line":12,"column":6}},"3":{"start":{"line":13,"column":4},"end":{"line":13,"column":47}},"4":{"start":{"line":14,"column":4},"end":{"line":14,"column":38}},"5":{"start":{"line":18,"column":4},"end":{"line":20,"column":6}},"6":{"start":{"line":21,"column":4},"end":{"line":21,"column":47}},"7":{"start":{"line":22,"column":4},"end":{"line":22,"column":42}},"8":{"start":{"line":26,"column":4},"end":{"line":28,"column":6}},"9":{"start":{"line":29,"column":4},"end":{"line":29,"column":51}},"10":{"start":{"line":30,"column":4},"end":{"line":30,"column":61}}},"fnMap":{"0":{"name":"(anonymous_0)","decl":{"start":{"line":4,"column":2},"end":{"line":4,"column":3}},"loc":{"start":{"line":4,"column":32},"end":{"line":7,"column":3}},"line":4},"1":{"name":"(anonymous_1)","decl":{"start":{"line":9,"column":2},"end":{"line":9,"column":3}},"loc":{"start":{"line":9,"column":29},"end":{"line":15,"column":3}},"line":9},"2":{"name":"(anonymous_2)","decl":{"start":{"line":17,"column":2},"end":{"line":17,"column":3}},"loc":{"start":{"line":17,"column":27},"end":{"line":23,"column":3}},"line":17},"3":{"name":"(anonymous_3)","decl":{"start":{"line":25,"column":2},"end":{"line":25,"column":3}},"loc":{"start":{"line":25,"column":26},"end":{"line":31,"column":3}},"line":25}},"branchMap":{},"s":{"0":1,"1":1,"2":1,"3":1,"4":1,"5":1,"6":1,"7":1,"8":0,"9":0,"10":0},"f":{"0":1,"1":1,"2":1,"3":0},"b":{},"_coverageSchema":"1a1c01bbd47fc00a2c39e90264f33305004495a9","hash":"d0baa14dfca6c99d13a416372083abcdd8095f39"}
,"/Users/bryanenid/Documents/Coding/StartUps/Observe/mobile/src/controllers/HTTPRequestController.js": {"path":"/Users/bryanenid/Documents/Coding/StartUps/Observe/mobile/src/controllers/HTTPRequestController.js","statementMap":{"0":{"start":{"line":3,"column":23},"end":{"line":12,"column":1}},"1":{"start":{"line":4,"column":2},"end":{"line":4,"column":75}},"2":{"start":{"line":4,"column":27},"end":{"line":4,"column":75}},"3":{"start":{"line":5,"column":58},"end":{"line":5,"column":65}},"4":{"start":{"line":6,"column":15},"end":{"line":6,"column":34}},"5":{"start":{"line":7,"column":14},"end":{"line":7,"column":40}},"6":{"start":{"line":9,"column":2},"end":{"line":9,"column":51}},"7":{"start":{"line":9,"column":15},"end":{"line":9,"column":51}},"8":{"start":{"line":11,"column":2},"end":{"line":11,"column":41}},"9":{"start":{"line":15,"column":12},"end":{"line":15,"column":14}},"10":{"start":{"line":16,"column":12},"end":{"line":16,"column":14}},"11":{"start":{"line":17,"column":12},"end":{"line":17,"column":14}},"12":{"start":{"line":20,"column":4},"end":{"line":25,"column":7}},"13":{"start":{"line":29,"column":4},"end":{"line":37,"column":7}}},"fnMap":{"0":{"name":"(anonymous_0)","decl":{"start":{"line":3,"column":23},"end":{"line":3,"column":24}},"loc":{"start":{"line":3,"column":57},"end":{"line":12,"column":1}},"line":3},"1":{"name":"(anonymous_1)","decl":{"start":{"line":19,"column":2},"end":{"line":19,"column":3}},"loc":{"start":{"line":19,"column":23},"end":{"line":26,"column":3}},"line":19},"2":{"name":"(anonymous_2)","decl":{"start":{"line":28,"column":2},"end":{"line":28,"column":3}},"loc":{"start":{"line":28,"column":33},"end":{"line":38,"column":3}},"line":28}},"branchMap":{"0":{"loc":{"start":{"line":3,"column":30},"end":{"line":3,"column":43}},"type":"default-arg","locations":[{"start":{"line":3,"column":41},"end":{"line":3,"column":43}}],"line":3},"1":{"loc":{"start":{"line":4,"column":2},"end":{"line":4,"column":75}},"type":"if","locations":[{"start":{"line":4,"column":2},"end":{"line":4,"column":75}},{"start":{"line":4,"column":2},"end":{"line":4,"column":75}}],"line":4},"2":{"loc":{"start":{"line":5,"column":10},"end":{"line":5,"column":22}},"type":"default-arg","locations":[{"start":{"line":5,"column":20},"end":{"line":5,"column":22}}],"line":5},"3":{"loc":{"start":{"line":5,"column":24},"end":{"line":5,"column":36}},"type":"default-arg","locations":[{"start":{"line":5,"column":34},"end":{"line":5,"column":36}}],"line":5},"4":{"loc":{"start":{"line":9,"column":2},"end":{"line":9,"column":51}},"type":"if","locations":[{"start":{"line":9,"column":2},"end":{"line":9,"column":51}},{"start":{"line":9,"column":2},"end":{"line":9,"column":51}}],"line":9}},"s":{"0":2,"1":4,"2":0,"3":4,"4":4,"5":4,"6":4,"7":0,"8":4,"9":0,"10":0,"11":0,"12":4,"13":0},"f":{"0":4,"1":4,"2":0},"b":{"0":[0],"1":[0,4],"2":[2],"3":[4],"4":[0,4]},"_coverageSchema":"1a1c01bbd47fc00a2c39e90264f33305004495a9","hash":"4499dbeb671e62a17fe892a85d5a9bba732ded66"}
,"/Users/bryanenid/Documents/Coding/StartUps/Observe/mobile/src/controllers/LocalStorageController.js": {"path":"/Users/bryanenid/Documents/Coding/StartUps/Observe/mobile/src/controllers/LocalStorageController.js","statementMap":{"0":{"start":{"line":5,"column":22},"end":{"line":5,"column":55}},"1":{"start":{"line":6,"column":4},"end":{"line":6,"column":60}},"2":{"start":{"line":10,"column":22},"end":{"line":10,"column":43}},"3":{"start":{"line":11,"column":4},"end":{"line":11,"column":49}}},"fnMap":{"0":{"name":"(anonymous_0)","decl":{"start":{"line":4,"column":2},"end":{"line":4,"column":3}},"loc":{"start":{"line":4,"column":26},"end":{"line":7,"column":3}},"line":4},"1":{"name":"(anonymous_1)","decl":{"start":{"line":9,"column":2},"end":{"line":9,"column":3}},"loc":{"start":{"line":9,"column":34},"end":{"line":12,"column":3}},"line":9}},"branchMap":{"0":{"loc":{"start":{"line":6,"column":11},"end":{"line":6,"column":59}},"type":"cond-expr","locations":[{"start":{"line":6,"column":31},"end":{"line":6,"column":52}},{"start":{"line":6,"column":55},"end":{"line":6,"column":59}}],"line":6}},"s":{"0":1,"1":1,"2":1,"3":1},"f":{"0":1,"1":1},"b":{"0":[1,0]},"_coverageSchema":"1a1c01bbd47fc00a2c39e90264f33305004495a9","hash":"1afae66ad4ddaeef279f3607f7796f6c22bb62b9"}
}
