{"/Users/bryanenid/Documents/Coding/StartUps/Observe/mobile/src/components/index.js": {"path":"/Users/bryanenid/Documents/Coding/StartUps/Observe/mobile/src/components/index.js","statementMap":{},"fnMap":{},"branchMap":{},"s":{},"f":{},"b":{},"_coverageSchema":"1a1c01bbd47fc00a2c39e90264f33305004495a9","hash":"28f9e18b28d9459f5d2bfff89fce6910a36cd255"}
,"/Users/bryanenid/Documents/Coding/StartUps/Observe/mobile/src/components/Carousel/Carousel.js": {"path":"/Users/bryanenid/Documents/Coding/StartUps/Observe/mobile/src/components/Carousel/Carousel.js","statementMap":{"0":{"start":{"line":6,"column":15},"end":{"line":11,"column":2}},"1":{"start":{"line":14,"column":50},"end":{"line":14,"column":61}},"2":{"start":{"line":15,"column":23},"end":{"line":15,"column":48}},"3":{"start":{"line":17,"column":2},"end":{"line":21,"column":9}},"4":{"start":{"line":18,"column":29},"end":{"line":18,"column":50}},"5":{"start":{"line":19,"column":4},"end":{"line":19,"column":51}},"6":{"start":{"line":20,"column":4},"end":{"line":20,"column":40}},"7":{"start":{"line":20,"column":17},"end":{"line":20,"column":39}},"8":{"start":{"line":23,"column":23},"end":{"line":28,"column":3}},"9":{"start":{"line":24,"column":4},"end":{"line":27,"column":5}},"10":{"start":{"line":25,"column":6},"end":{"line":25,"column":46}},"11":{"start":{"line":26,"column":6},"end":{"line":26,"column":33}},"12":{"start":{"line":30,"column":2},"end":{"line":45,"column":4}},"13":{"start":{"line":35,"column":10},"end":{"line":35,"column":80}},"14":{"start":{"line":37,"column":32},"end":{"line":37,"column":42}},"15":{"start":{"line":49,"column":2},"end":{"line":55,"column":4}},"16":{"start":{"line":50,"column":45},"end":{"line":50,"column":76}},"17":{"start":{"line":58,"column":0},"end":{"line":74,"column":2}}},"fnMap":{"0":{"name":"Carousel","decl":{"start":{"line":13,"column":24},"end":{"line":13,"column":32}},"loc":{"start":{"line":13,"column":63},"end":{"line":46,"column":1}},"line":13},"1":{"name":"(anonymous_1)","decl":{"start":{"line":17,"column":12},"end":{"line":17,"column":13}},"loc":{"start":{"line":17,"column":18},"end":{"line":21,"column":3}},"line":17},"2":{"name":"(anonymous_2)","decl":{"start":{"line":20,"column":11},"end":{"line":20,"column":12}},"loc":{"start":{"line":20,"column":17},"end":{"line":20,"column":39}},"line":20},"3":{"name":"(anonymous_3)","decl":{"start":{"line":23,"column":23},"end":{"line":23,"column":24}},"loc":{"start":{"line":23,"column":45},"end":{"line":28,"column":3}},"line":23},"4":{"name":"(anonymous_4)","decl":{"start":{"line":34,"column":20},"end":{"line":34,"column":21}},"loc":{"start":{"line":35,"column":10},"end":{"line":35,"column":80}},"line":35},"5":{"name":"(anonymous_5)","decl":{"start":{"line":37,"column":22},"end":{"line":37,"column":23}},"loc":{"start":{"line":37,"column":32},"end":{"line":37,"column":42}},"line":37},"6":{"name":"Item","decl":{"start":{"line":48,"column":9},"end":{"line":48,"column":13}},"loc":{"start":{"line":48,"column":41},"end":{"line":56,"column":1}},"line":48},"7":{"name":"(anonymous_7)","decl":{"start":{"line":50,"column":39},"end":{"line":50,"column":40}},"loc":{"start":{"line":50,"column":45},"end":{"line":50,"column":76}},"line":50}},"branchMap":{"0":{"loc":{"start":{"line":24,"column":4},"end":{"line":27,"column":5}},"type":"if","locations":[{"start":{"line":24,"column":4},"end":{"line":27,"column":5}},{"start":{"line":24,"column":4},"end":{"line":27,"column":5}}],"line":24}},"s":{"0":3,"1":3,"2":3,"3":3,"4":1,"5":1,"6":1,"7":0,"8":3,"9":2,"10":1,"11":1,"12":3,"13":6,"14":6,"15":6,"16":2,"17":3},"f":{"0":3,"1":1,"2":0,"3":2,"4":6,"5":6,"6":6,"7":2},"b":{"0":[1,1]},"_coverageSchema":"1a1c01bbd47fc00a2c39e90264f33305004495a9","hash":"a162a3ae0f03673ec37054fb9ae5b806af4ef73a"}
,"/Users/bryanenid/Documents/Coding/StartUps/Observe/mobile/src/components/Carousel/index.js": {"path":"/Users/bryanenid/Documents/Coding/StartUps/Observe/mobile/src/components/Carousel/index.js","statementMap":{},"fnMap":{},"branchMap":{},"s":{},"f":{},"b":{},"_coverageSchema":"1a1c01bbd47fc00a2c39e90264f33305004495a9","hash":"39d042b30ba0155869615bd837c885bf22b40158"}
,"/Users/bryanenid/Documents/Coding/StartUps/Observe/mobile/src/components/ConicalGradient/Animation.js": {"path":"/Users/bryanenid/Documents/Coding/StartUps/Observe/mobile/src/components/ConicalGradient/Animation.js","statementMap":{"0":{"start":{"line":5,"column":25},"end":{"line":5,"column":75}},"1":{"start":{"line":9,"column":4},"end":{"line":9,"column":17}},"2":{"start":{"line":10,"column":4},"end":{"line":12,"column":6}},"3":{"start":{"line":16,"column":4},"end":{"line":16,"column":23}},"4":{"start":{"line":20,"column":4},"end":{"line":22,"column":5}},"5":{"start":{"line":21,"column":6},"end":{"line":21,"column":25}},"6":{"start":{"line":26,"column":34},"end":{"line":26,"column":44}},"7":{"start":{"line":37,"column":40},"end":{"line":37,"column":50}},"8":{"start":{"line":39,"column":4},"end":{"line":43,"column":6}}},"fnMap":{"0":{"name":"(anonymous_0)","decl":{"start":{"line":8,"column":2},"end":{"line":8,"column":3}},"loc":{"start":{"line":8,"column":21},"end":{"line":13,"column":3}},"line":8},"1":{"name":"(anonymous_1)","decl":{"start":{"line":15,"column":2},"end":{"line":15,"column":3}},"loc":{"start":{"line":15,"column":22},"end":{"line":17,"column":3}},"line":15},"2":{"name":"(anonymous_2)","decl":{"start":{"line":19,"column":2},"end":{"line":19,"column":3}},"loc":{"start":{"line":19,"column":32},"end":{"line":23,"column":3}},"line":19},"3":{"name":"(anonymous_3)","decl":{"start":{"line":25,"column":2},"end":{"line":25,"column":3}},"loc":{"start":{"line":25,"column":16},"end":{"line":34,"column":3}},"line":25},"4":{"name":"(anonymous_4)","decl":{"start":{"line":36,"column":2},"end":{"line":36,"column":3}},"loc":{"start":{"line":36,"column":11},"end":{"line":44,"column":3}},"line":36}},"branchMap":{"0":{"loc":{"start":{"line":11,"column":45},"end":{"line":11,"column":63}},"type":"binary-expr","locations":[{"start":{"line":11,"column":45},"end":{"line":11,"column":58}},{"start":{"line":11,"column":62},"end":{"line":11,"column":63}}],"line":11},"1":{"loc":{"start":{"line":20,"column":4},"end":{"line":22,"column":5}},"type":"if","locations":[{"start":{"line":20,"column":4},"end":{"line":22,"column":5}},{"start":{"line":20,"column":4},"end":{"line":22,"column":5}}],"line":20}},"s":{"0":3,"1":1,"2":1,"3":1,"4":0,"5":0,"6":1,"7":1,"8":1},"f":{"0":1,"1":1,"2":0,"3":1,"4":1},"b":{"0":[1,0],"1":[0,0]},"_coverageSchema":"1a1c01bbd47fc00a2c39e90264f33305004495a9","hash":"19e00a5319910a8905202661a4fbe05e66d8b9b9"}
,"/Users/bryanenid/Documents/Coding/StartUps/Observe/mobile/src/components/ConicalGradient/ConicalGradient.js": {"path":"/Users/bryanenid/Documents/Coding/StartUps/Observe/mobile/src/components/ConicalGradient/ConicalGradient.js","statementMap":{"0":{"start":{"line":7,"column":4},"end":{"line":7,"column":17}},"1":{"start":{"line":8,"column":4},"end":{"line":8,"column":31}},"2":{"start":{"line":11,"column":4},"end":{"line":17,"column":6}}},"fnMap":{"0":{"name":"(anonymous_0)","decl":{"start":{"line":6,"column":2},"end":{"line":6,"column":3}},"loc":{"start":{"line":6,"column":21},"end":{"line":9,"column":3}},"line":6},"1":{"name":"(anonymous_1)","decl":{"start":{"line":10,"column":2},"end":{"line":10,"column":3}},"loc":{"start":{"line":10,"column":11},"end":{"line":18,"column":3}},"line":10}},"branchMap":{},"s":{"0":1,"1":1,"2":1},"f":{"0":1,"1":1},"b":{},"_coverageSchema":"1a1c01bbd47fc00a2c39e90264f33305004495a9","hash":"f129cea3693f59b36dc188d12d194647ccca6862"}
,"/Users/bryanenid/Documents/Coding/StartUps/Observe/mobile/src/components/ConicalGradient/Graphic.js": {"path":"/Users/bryanenid/Documents/Coding/StartUps/Observe/mobile/src/components/ConicalGradient/Graphic.js","statementMap":{"0":{"start":{"line":9,"column":2},"end":{"line":13,"column":4}},"1":{"start":{"line":16,"column":19},"end":{"line":16,"column":37}},"2":{"start":{"line":17,"column":17},"end":{"line":17,"column":35}},"3":{"start":{"line":18,"column":16},"end":{"line":18,"column":17}},"4":{"start":{"line":19,"column":34},"end":{"line":19,"column":48}},"5":{"start":{"line":20,"column":11},"end":{"line":20,"column":13}},"6":{"start":{"line":21,"column":11},"end":{"line":21,"column":13}},"7":{"start":{"line":23,"column":15},"end":{"line":23,"column":16}},"8":{"start":{"line":24,"column":15},"end":{"line":24,"column":16}},"9":{"start":{"line":25,"column":15},"end":{"line":25,"column":16}},"10":{"start":{"line":29,"column":21},"end":{"line":29,"column":22}},"11":{"start":{"line":30,"column":20},"end":{"line":30,"column":43}},"12":{"start":{"line":32,"column":4},"end":{"line":73,"column":6}},"13":{"start":{"line":77,"column":17},"end":{"line":77,"column":35}},"14":{"start":{"line":79,"column":30},"end":{"line":79,"column":98}},"15":{"start":{"line":80,"column":14},"end":{"line":80,"column":76}},"16":{"start":{"line":81,"column":4},"end":{"line":83,"column":5}},"17":{"start":{"line":82,"column":6},"end":{"line":82,"column":28}},"18":{"start":{"line":84,"column":21},"end":{"line":84,"column":22}},"19":{"start":{"line":85,"column":20},"end":{"line":85,"column":44}},"20":{"start":{"line":87,"column":4},"end":{"line":110,"column":7}},"21":{"start":{"line":88,"column":6},"end":{"line":90,"column":7}},"22":{"start":{"line":89,"column":8},"end":{"line":89,"column":48}},"23":{"start":{"line":91,"column":25},"end":{"line":95,"column":36}},"24":{"start":{"line":98,"column":8},"end":{"line":104,"column":10}},"25":{"start":{"line":106,"column":6},"end":{"line":106,"column":29}},"26":{"start":{"line":107,"column":6},"end":{"line":107,"column":43}},"27":{"start":{"line":109,"column":6},"end":{"line":109,"column":18}},"28":{"start":{"line":114,"column":4},"end":{"line":114,"column":55}},"29":{"start":{"line":128,"column":48},"end":{"line":128,"column":58}},"30":{"start":{"line":129,"column":17},"end":{"line":129,"column":35}},"31":{"start":{"line":131,"column":4},"end":{"line":163,"column":6}}},"fnMap":{"0":{"name":"calculateStopColor","decl":{"start":{"line":8,"column":9},"end":{"line":8,"column":27}},"loc":{"start":{"line":8,"column":31},"end":{"line":14,"column":1}},"line":8},"1":{"name":"(anonymous_1)","decl":{"start":{"line":28,"column":2},"end":{"line":28,"column":3}},"loc":{"start":{"line":28,"column":26},"end":{"line":74,"column":3}},"line":28},"2":{"name":"(anonymous_2)","decl":{"start":{"line":76,"column":2},"end":{"line":76,"column":3}},"loc":{"start":{"line":76,"column":22},"end":{"line":111,"column":3}},"line":76},"3":{"name":"(anonymous_3)","decl":{"start":{"line":87,"column":49},"end":{"line":87,"column":50}},"loc":{"start":{"line":87,"column":56},"end":{"line":110,"column":5}},"line":87},"4":{"name":"(anonymous_4)","decl":{"start":{"line":113,"column":2},"end":{"line":113,"column":3}},"loc":{"start":{"line":113,"column":16},"end":{"line":115,"column":3}},"line":113},"5":{"name":"(anonymous_5)","decl":{"start":{"line":117,"column":2},"end":{"line":117,"column":3}},"loc":{"start":{"line":117,"column":25},"end":{"line":125,"column":3}},"line":117},"6":{"name":"(anonymous_6)","decl":{"start":{"line":127,"column":2},"end":{"line":127,"column":3}},"loc":{"start":{"line":127,"column":11},"end":{"line":164,"column":3}},"line":127}},"branchMap":{"0":{"loc":{"start":{"line":81,"column":4},"end":{"line":83,"column":5}},"type":"if","locations":[{"start":{"line":81,"column":4},"end":{"line":83,"column":5}},{"start":{"line":81,"column":4},"end":{"line":83,"column":5}}],"line":81},"1":{"loc":{"start":{"line":88,"column":6},"end":{"line":90,"column":7}},"type":"if","locations":[{"start":{"line":88,"column":6},"end":{"line":90,"column":7}},{"start":{"line":88,"column":6},"end":{"line":90,"column":7}}],"line":88},"2":{"loc":{"start":{"line":88,"column":10},"end":{"line":88,"column":42}},"type":"binary-expr","locations":[{"start":{"line":88,"column":10},"end":{"line":88,"column":35}},{"start":{"line":88,"column":39},"end":{"line":88,"column":42}}],"line":88}},"s":{"0":0,"1":3,"2":3,"3":3,"4":3,"5":3,"6":3,"7":3,"8":3,"9":3,"10":1,"11":1,"12":1,"13":1,"14":1,"15":1,"16":1,"17":0,"18":1,"19":1,"20":1,"21":4,"22":0,"23":4,"24":4,"25":4,"26":4,"27":4,"28":2,"29":1,"30":1,"31":1},"f":{"0":0,"1":1,"2":1,"3":4,"4":2,"5":0,"6":1},"b":{"0":[0,1],"1":[0,4],"2":[4,1]},"_coverageSchema":"1a1c01bbd47fc00a2c39e90264f33305004495a9","hash":"dc4d18b1ec2d41fdff31d83185bfa6b2337bc931"}
,"/Users/bryanenid/Documents/Coding/StartUps/Observe/mobile/src/components/ConicalGradient/index.js": {"path":"/Users/bryanenid/Documents/Coding/StartUps/Observe/mobile/src/components/ConicalGradient/index.js","statementMap":{},"fnMap":{},"branchMap":{},"s":{},"f":{},"b":{},"_coverageSchema":"1a1c01bbd47fc00a2c39e90264f33305004495a9","hash":"01d670dc1760013db1ca6cb0a5c7faf971dcad56"}
,"/Users/bryanenid/Documents/Coding/StartUps/Observe/mobile/src/components/Divider/Divider.js": {"path":"/Users/bryanenid/Documents/Coding/StartUps/Observe/mobile/src/components/Divider/Divider.js","statementMap":{"0":{"start":{"line":4,"column":15},"end":{"line":10,"column":2}},"1":{"start":{"line":13,"column":2},"end":{"line":13,"column":85}}},"fnMap":{"0":{"name":"Divider","decl":{"start":{"line":12,"column":24},"end":{"line":12,"column":31}},"loc":{"start":{"line":12,"column":52},"end":{"line":14,"column":1}},"line":12}},"branchMap":{},"s":{"0":4,"1":1},"f":{"0":1},"b":{},"_coverageSchema":"1a1c01bbd47fc00a2c39e90264f33305004495a9","hash":"9cdb5e0f81fadbc74c2c8fea08a5b0984468eac3"}
,"/Users/bryanenid/Documents/Coding/StartUps/Observe/mobile/src/components/Divider/index.js": {"path":"/Users/bryanenid/Documents/Coding/StartUps/Observe/mobile/src/components/Divider/index.js","statementMap":{},"fnMap":{},"branchMap":{},"s":{},"f":{},"b":{},"_coverageSchema":"1a1c01bbd47fc00a2c39e90264f33305004495a9","hash":"830286e57313402a128a94414246ff59a0df8db1"}
,"/Users/bryanenid/Documents/Coding/StartUps/Observe/mobile/src/components/Portal/Portal.js": {"path":"/Users/bryanenid/Documents/Coding/StartUps/Observe/mobile/src/components/Portal/Portal.js","statementMap":{"0":{"start":{"line":3,"column":29},"end":{"line":6,"column":2}},"1":{"start":{"line":10,"column":4},"end":{"line":10,"column":17}},"2":{"start":{"line":12,"column":4},"end":{"line":14,"column":6}},"3":{"start":{"line":17,"column":13},"end":{"line":17,"column":98}},"4":{"start":{"line":17,"column":32},"end":{"line":17,"column":98}},"5":{"start":{"line":20,"column":25},"end":{"line":20,"column":35}},"6":{"start":{"line":21,"column":4},"end":{"line":25,"column":6}},"7":{"start":{"line":30,"column":2},"end":{"line":39,"column":4}},"8":{"start":{"line":33,"column":8},"end":{"line":36,"column":11}}},"fnMap":{"0":{"name":"(anonymous_0)","decl":{"start":{"line":5,"column":12},"end":{"line":5,"column":13}},"loc":{"start":{"line":5,"column":18},"end":{"line":5,"column":20}},"line":5},"1":{"name":"(anonymous_1)","decl":{"start":{"line":9,"column":2},"end":{"line":9,"column":3}},"loc":{"start":{"line":9,"column":21},"end":{"line":15,"column":3}},"line":9},"2":{"name":"(anonymous_2)","decl":{"start":{"line":17,"column":13},"end":{"line":17,"column":14}},"loc":{"start":{"line":17,"column":32},"end":{"line":17,"column":98}},"line":17},"3":{"name":"(anonymous_3)","decl":{"start":{"line":19,"column":2},"end":{"line":19,"column":3}},"loc":{"start":{"line":19,"column":11},"end":{"line":26,"column":3}},"line":19},"4":{"name":"Portal","decl":{"start":{"line":29,"column":16},"end":{"line":29,"column":22}},"loc":{"start":{"line":29,"column":43},"end":{"line":40,"column":1}},"line":29},"5":{"name":"(anonymous_5)","decl":{"start":{"line":32,"column":7},"end":{"line":32,"column":8}},"loc":{"start":{"line":33,"column":8},"end":{"line":36,"column":11}},"line":33}},"branchMap":{"0":{"loc":{"start":{"line":35,"column":11},"end":{"line":35,"column":47}},"type":"binary-expr","locations":[{"start":{"line":35,"column":11},"end":{"line":35,"column":19}},{"start":{"line":35,"column":23},"end":{"line":35,"column":47}}],"line":35}},"s":{"0":3,"1":1,"2":1,"3":1,"4":2,"5":3,"6":3,"7":1,"8":3},"f":{"0":0,"1":1,"2":2,"3":3,"4":1,"5":3},"b":{"0":[3,0]},"_coverageSchema":"1a1c01bbd47fc00a2c39e90264f33305004495a9","hash":"4afbdd30019b3a5d3c0e04b981f845a16b9ef227"}
,"/Users/bryanenid/Documents/Coding/StartUps/Observe/mobile/src/components/Portal/index.js": {"path":"/Users/bryanenid/Documents/Coding/StartUps/Observe/mobile/src/components/Portal/index.js","statementMap":{},"fnMap":{},"branchMap":{},"s":{},"f":{},"b":{},"_coverageSchema":"1a1c01bbd47fc00a2c39e90264f33305004495a9","hash":"28d27c613fea56d5a9395bf22e7a5a4e5149ccab"}
,"/Users/bryanenid/Documents/Coding/StartUps/Observe/mobile/src/components/Text/Text.js": {"path":"/Users/bryanenid/Documents/Coding/StartUps/Observe/mobile/src/components/Text/Text.js","statementMap":{"0":{"start":{"line":5,"column":2},"end":{"line":45,"column":3}},"1":{"start":{"line":7,"column":6},"end":{"line":7,"column":59}},"2":{"start":{"line":10,"column":6},"end":{"line":10,"column":59}},"3":{"start":{"line":13,"column":6},"end":{"line":13,"column":12}},"4":{"start":{"line":16,"column":6},"end":{"line":16,"column":12}},"5":{"start":{"line":19,"column":6},"end":{"line":19,"column":12}},"6":{"start":{"line":22,"column":6},"end":{"line":22,"column":12}},"7":{"start":{"line":25,"column":6},"end":{"line":25,"column":12}},"8":{"start":{"line":28,"column":6},"end":{"line":28,"column":12}},"9":{"start":{"line":31,"column":6},"end":{"line":31,"column":12}},"10":{"start":{"line":34,"column":6},"end":{"line":34,"column":12}},"11":{"start":{"line":37,"column":6},"end":{"line":37,"column":59}},"12":{"start":{"line":40,"column":6},"end":{"line":40,"column":12}},"13":{"start":{"line":43,"column":6},"end":{"line":43,"column":59}},"14":{"start":{"line":49,"column":2},"end":{"line":49,"column":23}},"15":{"start":{"line":53,"column":17},"end":{"line":53,"column":93}},"16":{"start":{"line":54,"column":24},"end":{"line":54,"column":95}},"17":{"start":{"line":56,"column":2},"end":{"line":60,"column":4}}},"fnMap":{"0":{"name":"getStylesFromVariant","decl":{"start":{"line":4,"column":9},"end":{"line":4,"column":29}},"loc":{"start":{"line":4,"column":39},"end":{"line":46,"column":1}},"line":4},"1":{"name":"getColorsFromTheme","decl":{"start":{"line":48,"column":9},"end":{"line":48,"column":27}},"loc":{"start":{"line":48,"column":36},"end":{"line":50,"column":1}},"line":48},"2":{"name":"Text","decl":{"start":{"line":52,"column":24},"end":{"line":52,"column":28}},"loc":{"start":{"line":52,"column":75},"end":{"line":61,"column":1}},"line":52}},"branchMap":{"0":{"loc":{"start":{"line":5,"column":2},"end":{"line":45,"column":3}},"type":"switch","locations":[{"start":{"line":6,"column":4},"end":{"line":8,"column":5}},{"start":{"line":9,"column":4},"end":{"line":11,"column":5}},{"start":{"line":12,"column":4},"end":{"line":14,"column":5}},{"start":{"line":15,"column":4},"end":{"line":17,"column":5}},{"start":{"line":18,"column":4},"end":{"line":20,"column":5}},{"start":{"line":21,"column":4},"end":{"line":23,"column":5}},{"start":{"line":24,"column":4},"end":{"line":26,"column":5}},{"start":{"line":27,"column":4},"end":{"line":29,"column":5}},{"start":{"line":30,"column":4},"end":{"line":32,"column":5}},{"start":{"line":33,"column":4},"end":{"line":35,"column":5}},{"start":{"line":36,"column":4},"end":{"line":38,"column":5}},{"start":{"line":39,"column":4},"end":{"line":41,"column":5}},{"start":{"line":42,"column":4},"end":{"line":44,"column":5}}],"line":5}},"s":{"0":9,"1":0,"2":0,"3":0,"4":0,"5":0,"6":0,"7":0,"8":0,"9":0,"10":0,"11":0,"12":0,"13":9,"14":9,"15":9,"16":9,"17":9},"f":{"0":9,"1":9,"2":9},"b":{"0":[0,0,0,0,0,0,0,0,0,0,0,0,9]},"_coverageSchema":"1a1c01bbd47fc00a2c39e90264f33305004495a9","hash":"02ff1b7890abee4e2b86fb9d3b10877f7c119c6b"}
,"/Users/bryanenid/Documents/Coding/StartUps/Observe/mobile/src/components/Text/index.js": {"path":"/Users/bryanenid/Documents/Coding/StartUps/Observe/mobile/src/components/Text/index.js","statementMap":{},"fnMap":{},"branchMap":{},"s":{},"f":{},"b":{},"_coverageSchema":"1a1c01bbd47fc00a2c39e90264f33305004495a9","hash":"70ecd2a4bc93897690aba35e991a4bd17a6fc7d6"}
,"/Users/bryanenid/Documents/Coding/StartUps/Observe/mobile/src/controllers/DummyDataController.js": {"path":"/Users/bryanenid/Documents/Coding/StartUps/Observe/mobile/src/controllers/DummyDataController.js","statementMap":{"0":{"start":{"line":5,"column":4},"end":{"line":5,"column":46}},"1":{"start":{"line":6,"column":4},"end":{"line":6,"column":50}},"2":{"start":{"line":10,"column":4},"end":{"line":12,"column":6}},"3":{"start":{"line":13,"column":4},"end":{"line":13,"column":47}},"4":{"start":{"line":14,"column":4},"end":{"line":14,"column":38}},"5":{"start":{"line":23,"column":4},"end":{"line":25,"column":6}},"6":{"start":{"line":26,"column":4},"end":{"line":26,"column":47}},"7":{"start":{"line":27,"column":25},"end":{"line":27,"column":55}},"8":{"start":{"line":28,"column":24},"end":{"line":28,"column":70}},"9":{"start":{"line":29,"column":4},"end":{"line":31,"column":6}}},"fnMap":{"0":{"name":"(anonymous_0)","decl":{"start":{"line":4,"column":2},"end":{"line":4,"column":3}},"loc":{"start":{"line":4,"column":32},"end":{"line":7,"column":3}},"line":4},"1":{"name":"(anonymous_1)","decl":{"start":{"line":9,"column":2},"end":{"line":9,"column":3}},"loc":{"start":{"line":9,"column":29},"end":{"line":15,"column":3}},"line":9},"2":{"name":"(anonymous_2)","decl":{"start":{"line":22,"column":2},"end":{"line":22,"column":3}},"loc":{"start":{"line":22,"column":68},"end":{"line":32,"column":3}},"line":22}},"branchMap":{"0":{"loc":{"start":{"line":22,"column":25},"end":{"line":22,"column":49}},"type":"default-arg","locations":[{"start":{"line":22,"column":39},"end":{"line":22,"column":49}}],"line":22},"1":{"loc":{"start":{"line":22,"column":51},"end":{"line":22,"column":66}},"type":"default-arg","locations":[{"start":{"line":22,"column":58},"end":{"line":22,"column":66}}],"line":22}},"s":{"0":1,"1":1,"2":1,"3":1,"4":1,"5":1,"6":1,"7":1,"8":1,"9":0},"f":{"0":1,"1":1,"2":1},"b":{"0":[1],"1":[1]},"_coverageSchema":"1a1c01bbd47fc00a2c39e90264f33305004495a9","hash":"e63b0e44447608a9f728ec6d1221d19e94e53c1d"}
,"/Users/bryanenid/Documents/Coding/StartUps/Observe/mobile/src/controllers/HTTPRequestController.js": {"path":"/Users/bryanenid/Documents/Coding/StartUps/Observe/mobile/src/controllers/HTTPRequestController.js","statementMap":{"0":{"start":{"line":3,"column":23},"end":{"line":11,"column":1}},"1":{"start":{"line":4,"column":58},"end":{"line":4,"column":65}},"2":{"start":{"line":5,"column":15},"end":{"line":5,"column":34}},"3":{"start":{"line":6,"column":14},"end":{"line":6,"column":40}},"4":{"start":{"line":8,"column":2},"end":{"line":8,"column":51}},"5":{"start":{"line":8,"column":15},"end":{"line":8,"column":51}},"6":{"start":{"line":10,"column":2},"end":{"line":10,"column":41}},"7":{"start":{"line":15,"column":4},"end":{"line":20,"column":7}},"8":{"start":{"line":24,"column":4},"end":{"line":32,"column":7}}},"fnMap":{"0":{"name":"(anonymous_0)","decl":{"start":{"line":3,"column":23},"end":{"line":3,"column":24}},"loc":{"start":{"line":3,"column":52},"end":{"line":11,"column":1}},"line":3},"1":{"name":"(anonymous_1)","decl":{"start":{"line":14,"column":2},"end":{"line":14,"column":3}},"loc":{"start":{"line":14,"column":23},"end":{"line":21,"column":3}},"line":14},"2":{"name":"(anonymous_2)","decl":{"start":{"line":23,"column":2},"end":{"line":23,"column":3}},"loc":{"start":{"line":23,"column":33},"end":{"line":33,"column":3}},"line":23}},"branchMap":{"0":{"loc":{"start":{"line":4,"column":10},"end":{"line":4,"column":22}},"type":"default-arg","locations":[{"start":{"line":4,"column":20},"end":{"line":4,"column":22}}],"line":4},"1":{"loc":{"start":{"line":4,"column":24},"end":{"line":4,"column":36}},"type":"default-arg","locations":[{"start":{"line":4,"column":34},"end":{"line":4,"column":36}}],"line":4},"2":{"loc":{"start":{"line":8,"column":2},"end":{"line":8,"column":51}},"type":"if","locations":[{"start":{"line":8,"column":2},"end":{"line":8,"column":51}},{"start":{"line":8,"column":2},"end":{"line":8,"column":51}}],"line":8}},"s":{"0":2,"1":4,"2":4,"3":4,"4":4,"5":1,"6":4,"7":3,"8":1},"f":{"0":4,"1":3,"2":1},"b":{"0":[2],"1":[3],"2":[1,3]},"_coverageSchema":"1a1c01bbd47fc00a2c39e90264f33305004495a9","hash":"b138e880d1df6fd5940e5c0cbee4729a2e42787e"}
,"/Users/bryanenid/Documents/Coding/StartUps/Observe/mobile/src/controllers/LocalStorageController.js": {"path":"/Users/bryanenid/Documents/Coding/StartUps/Observe/mobile/src/controllers/LocalStorageController.js","statementMap":{"0":{"start":{"line":5,"column":22},"end":{"line":5,"column":55}},"1":{"start":{"line":6,"column":4},"end":{"line":6,"column":54}},"2":{"start":{"line":10,"column":22},"end":{"line":10,"column":43}},"3":{"start":{"line":11,"column":4},"end":{"line":11,"column":49}}},"fnMap":{"0":{"name":"(anonymous_0)","decl":{"start":{"line":4,"column":2},"end":{"line":4,"column":3}},"loc":{"start":{"line":4,"column":26},"end":{"line":7,"column":3}},"line":4},"1":{"name":"(anonymous_1)","decl":{"start":{"line":9,"column":2},"end":{"line":9,"column":3}},"loc":{"start":{"line":9,"column":34},"end":{"line":12,"column":3}},"line":9}},"branchMap":{"0":{"loc":{"start":{"line":6,"column":11},"end":{"line":6,"column":53}},"type":"binary-expr","locations":[{"start":{"line":6,"column":11},"end":{"line":6,"column":28}},{"start":{"line":6,"column":32},"end":{"line":6,"column":53}}],"line":6}},"s":{"0":1,"1":1,"2":1,"3":1},"f":{"0":1,"1":1},"b":{"0":[1,1]},"_coverageSchema":"1a1c01bbd47fc00a2c39e90264f33305004495a9","hash":"2769f9f2c7ee45f3990c76dfb29c99b9b369e17a"}
}
