TN:
SF:App.js
FN:13,App
FNF:1
FNH:1
FNDA:1,App
DA:4,1
DA:14,1
LF:2
LH:2
BRF:0
BRH:0
end_of_record
TN:
SF:src/controllers/DummyDataController.js
FN:4,(anonymous_0)
FN:9,(anonymous_1)
FN:15,(anonymous_2)
FNF:3
FNH:3
FNDA:1,(anonymous_0)
FNDA:1,(anonymous_1)
FNDA:1,(anonymous_2)
DA:5,1
DA:6,1
DA:10,1
DA:11,1
DA:12,1
DA:16,1
DA:17,1
DA:18,1
LF:8
LH:8
BRF:0
BRH:0
end_of_record
TN:
SF:src/controllers/HTTPRequestController.js
FN:3,(anonymous_0)
FN:19,(anonymous_1)
FN:28,(anonymous_2)
FNF:3
FNH:2
FNDA:4,(anonymous_0)
FNDA:4,(anonymous_1)
FNDA:0,(anonymous_2)
DA:3,2
DA:4,4
DA:5,4
DA:6,4
DA:7,4
DA:9,4
DA:11,4
DA:15,0
DA:16,0
DA:17,0
DA:20,4
DA:29,0
LF:12
LH:8
BRDA:3,0,0,0
BRDA:4,1,0,0
BRDA:4,1,1,4
BRDA:5,2,0,2
BRDA:5,3,0,4
BRDA:9,4,0,0
BRDA:9,4,1,4
BRF:7
BRH:4
end_of_record
TN:
SF:src/controllers/LocalStorageController.js
FN:4,(anonymous_0)
FN:9,(anonymous_1)
FNF:2
FNH:2
FNDA:1,(anonymous_0)
FNDA:1,(anonymous_1)
DA:5,1
DA:6,1
DA:10,1
DA:11,1
LF:4
LH:4
BRDA:6,0,0,1
BRDA:6,0,1,0
BRF:2
BRH:1
end_of_record
